start
use_cuda: True
learning starting
epoch: 0, loss: 1.054, valid accuracy: 0.45063, train accuracy: 0.43304
epoch: 1, loss: 0.956, valid accuracy: 0.57256, train accuracy: 0.57491
epoch: 2, loss: 0.873, valid accuracy: 0.57915, train accuracy: 0.60829
epoch: 3, loss: 0.831, valid accuracy: 0.60278, train accuracy: 0.63083
epoch: 4, loss: 0.846, valid accuracy: 0.61115, train accuracy: 0.63720
epoch: 5, loss: 0.799, valid accuracy: 0.63448, train accuracy: 0.66720
epoch: 6, loss: 0.749, valid accuracy: 0.63882, train accuracy: 0.67446
epoch: 7, loss: 0.736, valid accuracy: 0.62833, train accuracy: 0.67542
epoch: 8, loss: 0.715, valid accuracy: 0.63238, train accuracy: 0.69084
epoch: 9, loss: 0.723, valid accuracy: 0.61089, train accuracy: 0.69292
epoch: 10, loss: 0.759, valid accuracy: 0.61119, train accuracy: 0.68131
epoch: 11, loss: 0.744, valid accuracy: 0.60365, train accuracy: 0.67615
epoch: 12, loss: 0.708, valid accuracy: 0.63614, train accuracy: 0.69700
epoch: 13, loss: 0.677, valid accuracy: 0.64649, train accuracy: 0.70929
epoch: 14, loss: 0.636, valid accuracy: 0.64490, train accuracy: 0.72949
epoch: 15, loss: 0.626, valid accuracy: 0.63260, train accuracy: 0.73480
epoch: 16, loss: 0.609, valid accuracy: 0.62901, train accuracy: 0.74283
epoch: 17, loss: 0.609, valid accuracy: 0.63781, train accuracy: 0.74289
epoch: 18, loss: 0.603, valid accuracy: 0.62596, train accuracy: 0.74164
epoch: 19, loss: 0.605, valid accuracy: 0.64539, train accuracy: 0.74131
epoch: 20, loss: 0.597, valid accuracy: 0.62105, train accuracy: 0.74463
epoch: 21, loss: 0.593, valid accuracy: 0.64764, train accuracy: 0.74618
epoch: 22, loss: 0.576, valid accuracy: 0.62468, train accuracy: 0.75101
epoch: 23, loss: 0.552, valid accuracy: 0.65056, train accuracy: 0.76357
epoch: 24, loss: 0.545, valid accuracy: 0.64646, train accuracy: 0.76636
epoch: 25, loss: 0.524, valid accuracy: 0.64672, train accuracy: 0.77504
epoch: 26, loss: 0.521, valid accuracy: 0.65034, train accuracy: 0.77366
epoch: 27, loss: 0.508, valid accuracy: 0.65197, train accuracy: 0.78108
epoch: 28, loss: 0.508, valid accuracy: 0.64431, train accuracy: 0.78077
epoch: 29, loss: 0.515, valid accuracy: 0.64447, train accuracy: 0.77930
epoch: 30, loss: 0.520, valid accuracy: 0.64794, train accuracy: 0.77935
epoch: 31, loss: 0.533, valid accuracy: 0.64075, train accuracy: 0.77726
epoch: 32, loss: 0.508, valid accuracy: 0.64593, train accuracy: 0.78289
epoch: 33, loss: 0.497, valid accuracy: 0.65199, train accuracy: 0.78433
epoch: 34, loss: 0.475, valid accuracy: 0.65169, train accuracy: 0.79491
epoch: 35, loss: 0.465, valid accuracy: 0.64362, train accuracy: 0.79796
epoch: 36, loss: 0.461, valid accuracy: 0.64686, train accuracy: 0.80036
epoch: 37, loss: 0.460, valid accuracy: 0.64862, train accuracy: 0.79965
epoch: 38, loss: 0.464, valid accuracy: 0.64213, train accuracy: 0.79711
epoch: 39, loss: 0.470, valid accuracy: 0.64137, train accuracy: 0.79623
epoch: 40, loss: 0.471, valid accuracy: 0.63698, train accuracy: 0.79380
epoch: 41, loss: 0.469, valid accuracy: 0.64381, train accuracy: 0.79542
epoch: 42, loss: 0.460, valid accuracy: 0.64199, train accuracy: 0.79962
epoch: 43, loss: 0.455, valid accuracy: 0.63890, train accuracy: 0.80207
epoch: 44, loss: 0.449, valid accuracy: 0.64312, train accuracy: 0.80496
epoch: 45, loss: 0.445, valid accuracy: 0.64789, train accuracy: 0.80864
epoch: 46, loss: 0.437, valid accuracy: 0.64023, train accuracy: 0.81071
epoch: 47, loss: 0.433, valid accuracy: 0.64679, train accuracy: 0.81042
epoch: 48, loss: 0.430, valid accuracy: 0.63969, train accuracy: 0.81107
epoch: 49, loss: 0.429, valid accuracy: 0.63100, train accuracy: 0.81148
epoch: 50, loss: 0.427, valid accuracy: 0.63298, train accuracy: 0.81216
epoch: 51, loss: 0.426, valid accuracy: 0.62989, train accuracy: 0.81181
epoch: 52, loss: 0.426, valid accuracy: 0.64208, train accuracy: 0.81200
epoch: 53, loss: 0.420, valid accuracy: 0.63951, train accuracy: 0.81455
epoch: 54, loss: 0.418, valid accuracy: 0.64040, train accuracy: 0.81675
epoch: 55, loss: 0.417, valid accuracy: 0.63816, train accuracy: 0.81589
epoch: 56, loss: 0.411, valid accuracy: 0.63830, train accuracy: 0.81743
epoch: 57, loss: 0.413, valid accuracy: 0.63621, train accuracy: 0.81710
epoch: 58, loss: 0.408, valid accuracy: 0.64316, train accuracy: 0.81961
epoch: 59, loss: 0.405, valid accuracy: 0.64373, train accuracy: 0.82045
epoch: 60, loss: 0.402, valid accuracy: 0.63402, train accuracy: 0.82296
epoch: 61, loss: 0.397, valid accuracy: 0.64025, train accuracy: 0.82636
epoch: 62, loss: 0.398, valid accuracy: 0.63686, train accuracy: 0.82406
epoch: 63, loss: 0.395, valid accuracy: 0.64258, train accuracy: 0.82489
epoch: 64, loss: 0.395, valid accuracy: 0.63934, train accuracy: 0.82493
epoch: 65, loss: 0.394, valid accuracy: 0.63659, train accuracy: 0.82657
epoch: 66, loss: 0.395, valid accuracy: 0.62836, train accuracy: 0.82423
epoch: 67, loss: 0.394, valid accuracy: 0.64172, train accuracy: 0.82530
epoch: 68, loss: 0.391, valid accuracy: 0.64416, train accuracy: 0.82664
epoch: 69, loss: 0.388, valid accuracy: 0.63835, train accuracy: 0.82779
epoch: 70, loss: 0.386, valid accuracy: 0.63650, train accuracy: 0.82902
epoch: 71, loss: 0.385, valid accuracy: 0.64295, train accuracy: 0.82867
epoch: 72, loss: 0.383, valid accuracy: 0.64043, train accuracy: 0.83011
epoch: 73, loss: 0.381, valid accuracy: 0.64005, train accuracy: 0.82976
epoch: 74, loss: 0.380, valid accuracy: 0.63846, train accuracy: 0.83104
epoch: 75, loss: 0.377, valid accuracy: 0.64253, train accuracy: 0.83192
epoch: 76, loss: 0.381, valid accuracy: 0.64308, train accuracy: 0.83023
epoch: 77, loss: 0.378, valid accuracy: 0.63716, train accuracy: 0.83223
epoch: 78, loss: 0.378, valid accuracy: 0.63935, train accuracy: 0.83150
epoch: 79, loss: 0.375, valid accuracy: 0.64259, train accuracy: 0.83227
epoch: 80, loss: 0.376, valid accuracy: 0.64045, train accuracy: 0.83203
epoch: 81, loss: 0.375, valid accuracy: 0.64154, train accuracy: 0.83307
epoch: 82, loss: 0.374, valid accuracy: 0.64276, train accuracy: 0.83263
epoch: 83, loss: 0.374, valid accuracy: 0.63731, train accuracy: 0.83290
epoch: 84, loss: 0.373, valid accuracy: 0.63984, train accuracy: 0.83351
epoch: 85, loss: 0.372, valid accuracy: 0.64189, train accuracy: 0.83417
epoch: 86, loss: 0.371, valid accuracy: 0.63793, train accuracy: 0.83473
epoch: 87, loss: 0.371, valid accuracy: 0.64072, train accuracy: 0.83504
epoch: 88, loss: 0.370, valid accuracy: 0.64521, train accuracy: 0.83450
epoch: 89, loss: 0.373, valid accuracy: 0.64337, train accuracy: 0.83401
epoch: 90, loss: 0.372, valid accuracy: 0.64383, train accuracy: 0.83432
epoch: 91, loss: 0.373, valid accuracy: 0.63823, train accuracy: 0.83368
epoch: 92, loss: 0.377, valid accuracy: 0.64124, train accuracy: 0.83249
epoch: 93, loss: 0.375, valid accuracy: 0.64116, train accuracy: 0.83370
epoch: 94, loss: 0.376, valid accuracy: 0.63678, train accuracy: 0.83259
epoch: 95, loss: 0.373, valid accuracy: 0.64195, train accuracy: 0.83376
epoch: 96, loss: 0.371, valid accuracy: 0.64384, train accuracy: 0.83454
epoch: 97, loss: 0.373, valid accuracy: 0.63991, train accuracy: 0.83356
epoch: 98, loss: 0.371, valid accuracy: 0.64418, train accuracy: 0.83461
epoch: 99, loss: 0.371, valid accuracy: 0.64870, train accuracy: 0.83512
done
